<?xml version="1.0" encoding="UTF-8"?>
<testng-results total="3" passed="3" failed="0" skipped="0">
  <reporter-output>
  </reporter-output>
  <suite started-at="2021-07-11T11:54:58Z" name="Default suite" finished-at="2021-07-11T11:55:25Z" duration-ms="26796">
    <groups>
    </groups>
    <test started-at="2021-07-11T11:54:58Z" name="Default test" finished-at="2021-07-11T11:55:25Z" duration-ms="26796">
      <class name="Marah.Admin.Panel.Login$Login_customer">
        <test-method is-config="true" signature="webDriver()[pri:0, instance:Marah.Admin.Panel.Login$Login_customer@479ceda0]" started-at="2021-07-11T13:54:58Z" name="webDriver" finished-at="2021-07-11T13:55:08Z" duration-ms="9647" status="PASS">
          <reporter-output>
          </reporter-output>
        </test-method> <!-- webDriver -->
        <test-method signature="login_with_empty_data()[pri:0, instance:Marah.Admin.Panel.Login$Login_customer@479ceda0]" started-at="2021-07-11T13:55:08Z" name="login_with_empty_data" finished-at="2021-07-11T13:55:08Z" duration-ms="108" status="PASS">
          <reporter-output>
          </reporter-output>
        </test-method> <!-- login_with_empty_data -->
        <test-method signature="login_with_invalid_credentials()[pri:0, instance:Marah.Admin.Panel.Login$Login_customer@479ceda0]" started-at="2021-07-11T13:55:08Z" name="login_with_invalid_credentials" finished-at="2021-07-11T13:55:12Z" duration-ms="3679" status="PASS">
          <reporter-output>
          </reporter-output>
        </test-method> <!-- login_with_invalid_credentials -->
        <test-method signature="login_with_valid_credentials()[pri:0, instance:Marah.Admin.Panel.Login$Login_customer@479ceda0]" started-at="2021-07-11T13:55:12Z" name="login_with_valid_credentials" finished-at="2021-07-11T13:55:21Z" duration-ms="9164" status="PASS">
          <reporter-output>
          </reporter-output>
        </test-method> <!-- login_with_valid_credentials -->
        <test-method is-config="true" signature="webDriver1()[pri:0, instance:Marah.Admin.Panel.Login$Login_customer@479ceda0]" started-at="2021-07-11T13:55:21Z" name="webDriver1" finished-at="2021-07-11T13:55:25Z" duration-ms="4176" status="PASS">
          <reporter-output>
          </reporter-output>
        </test-method> <!-- webDriver1 -->
      </class> <!-- Marah.Admin.Panel.Login$Login_customer -->
    </test> <!-- Default test -->
  </suite> <!-- Default suite -->
</testng-results>
